aws_vpc.main: Creating...
aws_vpc.main: Still creating... [00m10s elapsed]
aws_vpc.main: Creation complete after 16s [id=vpc-0ad1b32498a93c250]
aws_subnet.private[1]: Creating...
aws_security_group.endpoint: Creating...
aws_subnet.public[1]: Creating...
aws_subnet.private[0]: Creating...
aws_security_group.private: Creating...
aws_subnet.public[0]: Creating...
aws_security_group.bastion: Creating...
aws_internet_gateway.gw: Creating...
aws_subnet.private[1]: Creation complete after 2s [id=subnet-0069c945972aa461c]
aws_internet_gateway.gw: Creation complete after 2s [id=igw-01c1574f36fa644c7]
aws_route_table.public: Creating...
aws_subnet.private[0]: Creation complete after 4s [id=subnet-0b1dde301a5cbd232]
aws_route_table.public: Creation complete after 3s [id=rtb-0ddbe3393c29bb7d9]
aws_security_group.endpoint: Creation complete after 5s [id=sg-0102ddfb314260805]
aws_vpc_endpoint.this: Creating...
aws_security_group.bastion: Creation complete after 6s [id=sg-0525c00a002b8cf31]
aws_security_group.private: Creation complete after 6s [id=sg-0fe288372993a8403]
aws_instance.private_ec2: Creating...
aws_subnet.public[1]: Still creating... [00m10s elapsed]
aws_subnet.public[0]: Still creating... [00m10s elapsed]
aws_subnet.public[0]: Creation complete after 13s [id=subnet-0ceb305641ee7bced]
aws_instance.bastion: Creating...
aws_subnet.public[1]: Creation complete after 13s [id=subnet-0d690dacc042aea6e]
aws_route_table_association.public[0]: Creating...
aws_route_table_association.public[1]: Creating...
aws_route_table_association.public[1]: Creation complete after 1s [id=rtbassoc-0cf8d7c30694abde6]
aws_route_table_association.public[0]: Creation complete after 1s [id=rtbassoc-039adf4fa0de1b2ee]
aws_vpc_endpoint.this: Still creating... [00m10s elapsed]
aws_instance.private_ec2: Still creating... [00m10s elapsed]
aws_instance.private_ec2: Creation complete after 16s [id=i-00a426b3c8d2402f4]
aws_instance.bastion: Still creating... [00m10s elapsed]
aws_vpc_endpoint.this: Still creating... [00m20s elapsed]
aws_instance.bastion: Creation complete after 16s [id=i-0ffa38fb0313fe79f]
aws_vpc_endpoint.this: Still creating... [00m30s elapsed]
aws_vpc_endpoint.this: Creation complete after 34s [id=vpce-092ca8c877753d4fa]

Apply complete! Resources: 15 added, 0 changed, 0 destroyed.

Outputs:

endpoint_dns = "vpce-092ca8c877753d4fa-2aex5xvt.vpce-svc-07670d6c97f560f14.eu-central-1.vpce.amazonaws.com"
